[2021-12-11 13:00:40] local.ERROR: Cannot redeclare App\Http\Controllers\Api\AdminController::login() {"exception":"[object] (Symfony\\Component\\Debug\\Exception\\FatalErrorException(code: 64): Cannot redeclare App\\Http\\Controllers\\Api\\AdminController::login() at /home/tecmyercom/public_html/projects/acic/backend/app/Http/Controllers/Api/AdminController.php:412)
[stacktrace]
#0 {main}
"} 
[2021-12-11 13:00:56] local.ERROR: Cannot redeclare App\Http\Controllers\Api\AdminController::login() {"exception":"[object] (Symfony\\Component\\Debug\\Exception\\FatalErrorException(code: 64): Cannot redeclare App\\Http\\Controllers\\Api\\AdminController::login() at /home/tecmyercom/public_html/projects/acic/backend/app/Http/Controllers/Api/AdminController.php:412)
[stacktrace]
#0 {main}
"} 
[2021-12-11 13:00:56] local.ERROR: Cannot redeclare App\Http\Controllers\Api\AdminController::login() {"exception":"[object] (Symfony\\Component\\Debug\\Exception\\FatalErrorException(code: 64): Cannot redeclare App\\Http\\Controllers\\Api\\AdminController::login() at /home/tecmyercom/public_html/projects/acic/backend/app/Http/Controllers/Api/AdminController.php:412)
[stacktrace]
#0 {main}
"} 
[2021-12-11 13:00:56] local.ERROR: Cannot redeclare App\Http\Controllers\Api\AdminController::login() {"exception":"[object] (Symfony\\Component\\Debug\\Exception\\FatalErrorException(code: 64): Cannot redeclare App\\Http\\Controllers\\Api\\AdminController::login() at /home/tecmyercom/public_html/projects/acic/backend/app/Http/Controllers/Api/AdminController.php:412)
[stacktrace]
#0 {main}
"} 
[2021-12-11 13:00:57] local.ERROR: Cannot redeclare App\Http\Controllers\Api\AdminController::login() {"exception":"[object] (Symfony\\Component\\Debug\\Exception\\FatalErrorException(code: 64): Cannot redeclare App\\Http\\Controllers\\Api\\AdminController::login() at /home/tecmyercom/public_html/projects/acic/backend/app/Http/Controllers/Api/AdminController.php:412)
[stacktrace]
#0 {main}
"} 
[2021-12-11 13:00:57] local.ERROR: Cannot redeclare App\Http\Controllers\Api\AdminController::login() {"exception":"[object] (Symfony\\Component\\Debug\\Exception\\FatalErrorException(code: 64): Cannot redeclare App\\Http\\Controllers\\Api\\AdminController::login() at /home/tecmyercom/public_html/projects/acic/backend/app/Http/Controllers/Api/AdminController.php:412)
[stacktrace]
#0 {main}
"} 
[2021-12-11 13:00:57] local.ERROR: Cannot redeclare App\Http\Controllers\Api\AdminController::login() {"exception":"[object] (Symfony\\Component\\Debug\\Exception\\FatalErrorException(code: 64): Cannot redeclare App\\Http\\Controllers\\Api\\AdminController::login() at /home/tecmyercom/public_html/projects/acic/backend/app/Http/Controllers/Api/AdminController.php:412)
[stacktrace]
#0 {main}
"} 
[2021-12-11 13:00:59] local.ERROR: Cannot redeclare App\Http\Controllers\Api\AdminController::login() {"exception":"[object] (Symfony\\Component\\Debug\\Exception\\FatalErrorException(code: 64): Cannot redeclare App\\Http\\Controllers\\Api\\AdminController::login() at /home/tecmyercom/public_html/projects/acic/backend/app/Http/Controllers/Api/AdminController.php:412)
[stacktrace]
#0 {main}
"} 
[2021-12-11 13:02:16] local.ERROR: Cannot redeclare App\Http\Controllers\Api\AdminController::login() {"exception":"[object] (Symfony\\Component\\Debug\\Exception\\FatalErrorException(code: 64): Cannot redeclare App\\Http\\Controllers\\Api\\AdminController::login() at /home/tecmyercom/public_html/projects/acic/backend/app/Http/Controllers/Api/AdminController.php:412)
[stacktrace]
#0 {main}
"} 
[2021-12-11 13:03:43] local.ERROR: Cannot redeclare App\Http\Controllers\Api\AdminController::login() {"exception":"[object] (Symfony\\Component\\Debug\\Exception\\FatalErrorException(code: 64): Cannot redeclare App\\Http\\Controllers\\Api\\AdminController::login() at /home/tecmyercom/public_html/projects/acic/backend/app/Http/Controllers/Api/AdminController.php:412)
[stacktrace]
#0 {main}
"} 
[2021-12-11 13:03:53] local.ERROR: Cannot redeclare App\Http\Controllers\Api\AdminController::login() {"exception":"[object] (Symfony\\Component\\Debug\\Exception\\FatalErrorException(code: 64): Cannot redeclare App\\Http\\Controllers\\Api\\AdminController::login() at /home/tecmyercom/public_html/projects/acic/backend/app/Http/Controllers/Api/AdminController.php:413)
[stacktrace]
#0 {main}
"} 
[2021-12-11 13:03:58] local.ERROR: Cannot redeclare App\Http\Controllers\Api\AdminController::login() {"exception":"[object] (Symfony\\Component\\Debug\\Exception\\FatalErrorException(code: 64): Cannot redeclare App\\Http\\Controllers\\Api\\AdminController::login() at /home/tecmyercom/public_html/projects/acic/backend/app/Http/Controllers/Api/AdminController.php:413)
[stacktrace]
#0 {main}
"} 
[2021-12-11 13:04:39] local.ERROR: Cannot redeclare App\Http\Controllers\Api\AdminController::Login() {"exception":"[object] (Symfony\\Component\\Debug\\Exception\\FatalErrorException(code: 64): Cannot redeclare App\\Http\\Controllers\\Api\\AdminController::Login() at /home/tecmyercom/public_html/projects/acic/backend/app/Http/Controllers/Api/AdminController.php:413)
[stacktrace]
#0 {main}
"} 
[2021-12-11 13:05:12] local.ERROR: Cannot redeclare App\Http\Controllers\Api\AdminController::Login() {"exception":"[object] (Symfony\\Component\\Debug\\Exception\\FatalErrorException(code: 64): Cannot redeclare App\\Http\\Controllers\\Api\\AdminController::Login() at /home/tecmyercom/public_html/projects/acic/backend/app/Http/Controllers/Api/AdminController.php:413)
[stacktrace]
#0 {main}
"} 
[2021-12-11 13:05:34] local.ERROR: Cannot redeclare App\Http\Controllers\Api\AdminController::Login() {"exception":"[object] (Symfony\\Component\\Debug\\Exception\\FatalErrorException(code: 64): Cannot redeclare App\\Http\\Controllers\\Api\\AdminController::Login() at /home/tecmyercom/public_html/projects/acic/backend/app/Http/Controllers/Api/AdminController.php:391)
[stacktrace]
#0 {main}
"} 
[2021-12-11 14:19:59] local.ERROR: Method App\Http\Controllers\Api\AdminController::loginn does not exist. {"exception":"[object] (BadMethodCallException(code: 0): Method App\\Http\\Controllers\\Api\\AdminController::loginn does not exist. at /home/tecmyercom/public_html/projects/acic/backend/vendor/laravel/framework/src/Illuminate/Routing/Controller.php:68)
[stacktrace]
#0 [internal function]: Illuminate\\Routing\\Controller->__call('loginn', Array)
#1 /home/tecmyercom/public_html/projects/acic/backend/vendor/laravel/framework/src/Illuminate/Routing/Controller.php(54): call_user_func_array(Array, Array)
#2 /home/tecmyercom/public_html/projects/acic/backend/vendor/laravel/framework/src/Illuminate/Routing/ControllerDispatcher.php(45): Illuminate\\Routing\\Controller->callAction('loginn', Array)
#3 /home/tecmyercom/public_html/projects/acic/backend/vendor/laravel/framework/src/Illuminate/Routing/Route.php(219): Illuminate\\Routing\\ControllerDispatcher->dispatch(Object(Illuminate\\Routing\\Route), Object(App\\Http\\Controllers\\Api\\AdminController), 'loginn')
#4 /home/tecmyercom/public_html/projects/acic/backend/vendor/laravel/framework/src/Illuminate/Routing/Route.php(176): Illuminate\\Routing\\Route->runController()
#5 /home/tecmyercom/public_html/projects/acic/backend/vendor/laravel/framework/src/Illuminate/Routing/Router.php(681): Illuminate\\Routing\\Route->run()
#6 /home/tecmyercom/public_html/projects/acic/backend/vendor/laravel/framework/src/Illuminate/Pipeline/Pipeline.php(130): Illuminate\\Routing\\Router->Illuminate\\Routing\\{closure}(Object(Illuminate\\Http\\Request))
#7 /home/tecmyercom/public_html/projects/acic/backend/vendor/laravel/framework/src/Illuminate/Routing/Middleware/SubstituteBindings.php(41): Illuminate\\Pipeline\\Pipeline->Illuminate\\Pipeline\\{closure}(Object(Illuminate\\Http\\Request))
#8 /home/tecmyercom/public_html/projects/acic/backend/vendor/laravel/framework/src/Illuminate/Pipeline/Pipeline.php(171): Illuminate\\Routing\\Middleware\\SubstituteBindings->handle(Object(Illuminate\\Http\\Request), Object(Closure))
#9 /home/tecmyercom/public_html/projects/acic/backend/vendor/laravel/framework/src/Illuminate/Routing/Middleware/ThrottleRequests.php(59): Illuminate\\Pipeline\\Pipeline->Illuminate\\Pipeline\\{closure}(Object(Illuminate\\Http\\Request))
#10 /home/tecmyercom/public_html/projects/acic/backend/vendor/laravel/framework/src/Illuminate/Pipeline/Pipeline.php(171): Illuminate\\Routing\\Middleware\\ThrottleRequests->handle(Object(Illuminate\\Http\\Request), Object(Closure), 60, '1')
#11 /home/tecmyercom/public_html/projects/acic/backend/vendor/laravel/framework/src/Illuminate/Pipeline/Pipeline.php(105): Illuminate\\Pipeline\\Pipeline->Illuminate\\Pipeline\\{closure}(Object(Illuminate\\Http\\Request))
#12 /home/tecmyercom/public_html/projects/acic/backend/vendor/laravel/framework/src/Illuminate/Routing/Router.php(683): Illuminate\\Pipeline\\Pipeline->then(Object(Closure))
#13 /home/tecmyercom/public_html/projects/acic/backend/vendor/laravel/framework/src/Illuminate/Routing/Router.php(658): Illuminate\\Routing\\Router->runRouteWithinStack(Object(Illuminate\\Routing\\Route), Object(Illuminate\\Http\\Request))
#14 /home/tecmyercom/public_html/projects/acic/backend/vendor/laravel/framework/src/Illuminate/Routing/Router.php(624): Illuminate\\Routing\\Router->runRoute(Object(Illuminate\\Http\\Request), Object(Illuminate\\Routing\\Route))
#15 /home/tecmyercom/public_html/projects/acic/backend/vendor/laravel/framework/src/Illuminate/Routing/Router.php(613): Illuminate\\Routing\\Router->dispatchToRoute(Object(Illuminate\\Http\\Request))
#16 /home/tecmyercom/public_html/projects/acic/backend/vendor/laravel/framework/src/Illuminate/Foundation/Http/Kernel.php(177): Illuminate\\Routing\\Router->dispatch(Object(Illuminate\\Http\\Request))
#17 /home/tecmyercom/public_html/projects/acic/backend/vendor/laravel/framework/src/Illuminate/Pipeline/Pipeline.php(130): Illuminate\\Foundation\\Http\\Kernel->Illuminate\\Foundation\\Http\\{closure}(Object(Illuminate\\Http\\Request))
#18 /home/tecmyercom/public_html/projects/acic/backend/vendor/laravel/framework/src/Illuminate/Foundation/Http/Middleware/TransformsRequest.php(21): Illuminate\\Pipeline\\Pipeline->Illuminate\\Pipeline\\{closure}(Object(Illuminate\\Http\\Request))
#19 /home/tecmyercom/public_html/projects/acic/backend/vendor/laravel/framework/src/Illuminate/Pipeline/Pipeline.php(171): Illuminate\\Foundation\\Http\\Middleware\\TransformsRequest->handle(Object(Illuminate\\Http\\Request), Object(Closure))
#20 /home/tecmyercom/public_html/projects/acic/backend/vendor/laravel/framework/src/Illuminate/Foundation/Http/Middleware/TransformsRequest.php(21): Illuminate\\Pipeline\\Pipeline->Illuminate\\Pipeline\\{closure}(Object(Illuminate\\Http\\Request))
#21 /home/tecmyercom/public_html/projects/acic/backend/vendor/laravel/framework/src/Illuminate/Pipeline/Pipeline.php(171): Illuminate\\Foundation\\Http\\Middleware\\TransformsRequest->handle(Object(Illuminate\\Http\\Request), Object(Closure))
#22 /home/tecmyercom/public_html/projects/acic/backend/vendor/laravel/framework/src/Illuminate/Foundation/Http/Middleware/ValidatePostSize.php(27): Illuminate\\Pipeline\\Pipeline->Illuminate\\Pipeline\\{closure}(Object(Illuminate\\Http\\Request))
#23 /home/tecmyercom/public_html/projects/acic/backend/vendor/laravel/framework/src/Illuminate/Pipeline/Pipeline.php(171): Illuminate\\Foundation\\Http\\Middleware\\ValidatePostSize->handle(Object(Illuminate\\Http\\Request), Object(Closure))
#24 /home/tecmyercom/public_html/projects/acic/backend/vendor/laravel/framework/src/Illuminate/Foundation/Http/Middleware/CheckForMaintenanceMode.php(62): Illuminate\\Pipeline\\Pipeline->Illuminate\\Pipeline\\{closure}(Object(Illuminate\\Http\\Request))
#25 /home/tecmyercom/public_html/projects/acic/backend/vendor/laravel/framework/src/Illuminate/Pipeline/Pipeline.php(171): Illuminate\\Foundation\\Http\\Middleware\\CheckForMaintenanceMode->handle(Object(Illuminate\\Http\\Request), Object(Closure))
#26 /home/tecmyercom/public_html/projects/acic/backend/vendor/fideloper/proxy/src/TrustProxies.php(57): Illuminate\\Pipeline\\Pipeline->Illuminate\\Pipeline\\{closure}(Object(Illuminate\\Http\\Request))
#27 /home/tecmyercom/public_html/projects/acic/backend/vendor/laravel/framework/src/Illuminate/Pipeline/Pipeline.php(171): Fideloper\\Proxy\\TrustProxies->handle(Object(Illuminate\\Http\\Request), Object(Closure))
#28 /home/tecmyercom/public_html/projects/acic/backend/vendor/laravel/framework/src/Illuminate/Pipeline/Pipeline.php(105): Illuminate\\Pipeline\\Pipeline->Illuminate\\Pipeline\\{closure}(Object(Illuminate\\Http\\Request))
#29 /home/tecmyercom/public_html/projects/acic/backend/vendor/laravel/framework/src/Illuminate/Foundation/Http/Kernel.php(152): Illuminate\\Pipeline\\Pipeline->then(Object(Closure))
#30 /home/tecmyercom/public_html/projects/acic/backend/vendor/laravel/framework/src/Illuminate/Foundation/Http/Kernel.php(117): Illuminate\\Foundation\\Http\\Kernel->sendRequestThroughRouter(Object(Illuminate\\Http\\Request))
#31 /home/tecmyercom/public_html/projects/acic/backend/public/index.php(55): Illuminate\\Foundation\\Http\\Kernel->handle(Object(Illuminate\\Http\\Request))
#32 {main}
"} 
